Mail sent: SUCCESS
To: madoka.hibiscus1107@gmail.com
Subject: =?UTF-8?B?VUxV576O44Oc44OH44Kj44Ki44Kr44OH44Of44O8IOeEoeaWmeebuOirhw==?=
 =?UTF-8?B?44GK55Sz6L6844G/?=
Headers: From: globals.jpn@gmail.com
Reply-To: globals.jpn@gmail.com
Return-Path: madoka.hibiscus1107@gmail.com
X-Mailer: PHP/8.3.21
Content-Type: text/plain; charset=UTF-8
Content-Transfer-Encoding: 8bit

Time: 2025-06-05 12:19:17

Mail sent: SUCCESS
To: madoka.hibiscus1107@gmail.com
Subject: =?UTF-8?B?VUxV576O44Oc44OH44Kj44Ki44Kr44OH44Of44O8IOeEoeaWmeebuOirhw==?=
 =?UTF-8?B?44GK55Sz6L6844G/?=
Headers: From: ULU美ボディアカデミー <noreply@hibiscus.velvet.jp>
Reply-To: globals.jpn@gmail.com
Return-Path: noreply@hibiscus.velvet.jp
X-Mailer: PHP/8.3.21
Content-Type: text/plain; charset=UTF-8
Content-Transfer-Encoding: 8bit
X-Sender-IP: 175.177.43.20

Time: 2025-06-05 12:37:05

Mail sent: SUCCESS
To: madoka.hibiscus1107@gmail.com
Subject: =?UTF-8?B?VUxV576O44Oc44OH44Kj44Ki44Kr44OH44Of44O8IOeEoeaWmeebuOirhw==?=
 =?UTF-8?B?44GK55Sz6L6844G/?=
Headers: From: ULU美ボディアカデミー <noreply@hibiscus.velvet.jp>
Reply-To: globals.jpn@gmail.com
Return-Path: noreply@hibiscus.velvet.jp
X-Mailer: PHP/8.3.21
Content-Type: text/plain; charset=UTF-8
Content-Transfer-Encoding: 8bit
X-Sender-IP: 175.177.43.20

Time: 2025-06-05 12:54:36

Mail sent: SUCCESS
To: info@hibiscus.velvet.jp
Subject: =?UTF-8?B?VUxV576O44Oc44OH44Kj44Ki44Kr44OH44Of44O8IOeEoeaWmeebuOirhw==?=
 =?UTF-8?B?44GK55Sz6L6844G/?=
Headers: From: ULU美ボディアカデミー <noreply@hibiscus.velvet.jp>
Reply-To: globals.jpn@gmail.com
Return-Path: noreply@hibiscus.velvet.jp
X-Mailer: PHP/8.3.21
Content-Type: text/plain; charset=UTF-8
Content-Transfer-Encoding: 8bit
X-Sender-IP: 175.177.43.20

Time: 2025-06-06 11:16:06

